<?xml version="1.0" encoding="UTF-8"?>
<!-- Generated by org.testng.reporters.JUnitXMLReporter -->
<testsuite ignored="0" hostname="LAPTOP-52NJGNB2" failures="0" tests="7" name="Rest API Test" time="7.658" errors="0" timestamp="2023-07-11T05:03:52 PYT">
  <testcase classname="tests.TC001" name="getTest" time="2.955"/>
  <testcase classname="tests.TC001" name="getTestwithRestAPISite" time="2.338"/>
  <testcase classname="tests.TC002" name="testForGET" time="0.254"/>
  <testcase classname="tests.TC002" name="testForPOST" time="0.434"/>
  <testcase classname="tests.TC003" name="testForDELETE" time="0.388"/>
  <testcase classname="tests.TC003" name="testForPATCH" time="0.808"/>
  <testcase classname="tests.TC003" name="testForPUT" time="0.4"/>
</testsuite> <!-- Rest API Test -->
